<?xml version="1.0" encoding="UTF-8"?>
<!-- Generated by org.testng.reporters.JUnitReportReporter -->
<testsuite skipped="0" hostname="DESKTOP-578IDA2" name="SeleniumPractice.Basics.statement" tests="4" failures="0" timestamp="23 Oct 2018 00:46:52 GMT" time="9.370" errors="0">
  <testcase name="Login" time="2.395" classname="SeleniumPractice.Basics.statement"/>
  <testcase name="accountno" time="0.307" classname="SeleniumPractice.Basics.statement"/>
  <testcase name="Url" time="4.362" classname="SeleniumPractice.Basics.statement"/>
  <testcase name="MenuList" time="2.306" classname="SeleniumPractice.Basics.statement"/>
</testsuite> <!-- SeleniumPractice.Basics.statement -->
