<?xml version="1.0" encoding="UTF-8"?>
<!-- Generated by org.testng.reporters.JUnitReportReporter -->
<testsuite skipped="0" hostname="DESKTOP-578IDA2" name="SeleniumPractice.Basics.Practiceone" tests="3" failures="0" timestamp="23 Oct 2018 00:26:35 GMT" time="17.272" errors="0">
  <testcase name="Url" time="5.184" classname="SeleniumPractice.Basics.Practiceone"/>
  <testcase name="Login" time="2.778" classname="SeleniumPractice.Basics.Practiceone"/>
  <testcase name="MenuList" time="9.310" classname="SeleniumPractice.Basics.Practiceone"/>
</testsuite> <!-- SeleniumPractice.Basics.Practiceone -->
