<?xml version="1.0" encoding="UTF-8"?>
<!-- Generated by org.testng.reporters.JUnitReportReporter -->
<testsuite skipped="0" hostname="DESKTOP-578IDA2" name="SeleniumPractice.Basics.radiocheckbox" tests="1" failures="0" timestamp="31 Oct 2018 03:46:09 GMT" time="17.668" errors="0">
  <testcase name="Test" time="17.668" classname="SeleniumPractice.Basics.radiocheckbox"/>
</testsuite> <!-- SeleniumPractice.Basics.radiocheckbox -->
