<?xml version="1.0" encoding="UTF-8"?>
<!-- Generated by org.testng.reporters.JUnitReportReporter -->
<testsuite skipped="0" hostname="DESKTOP-578IDA2" name="SeleniumPractice.Basics.copypaste" tests="1" failures="0" timestamp="31 Oct 2018 00:05:00 GMT" time="11.532" errors="0">
  <testcase name="m" time="11.532" classname="SeleniumPractice.Basics.copypaste"/>
</testsuite> <!-- SeleniumPractice.Basics.copypaste -->
