<?xml version="1.0" encoding="UTF-8"?>
<!-- Generated by org.testng.reporters.JUnitReportReporter -->
<testsuite skipped="0" hostname="DESKTOP-578IDA2" name="seleniumJavaFramework.Testng" tests="4" failures="0" timestamp="09 Jan 2019 21:16:13 GMT" time="9.650" errors="0">
  <testcase name="Testcase4" time="0.426" classname="seleniumJavaFramework.Testng"/>
  <testcase name="Testcase1" time="5.084" classname="seleniumJavaFramework.Testng"/>
  <testcase name="Testcase2" time="3.575" classname="seleniumJavaFramework.Testng"/>
  <testcase name="Testcase3" time="0.565" classname="seleniumJavaFramework.Testng"/>
</testsuite> <!-- seleniumJavaFramework.Testng -->
