<?xml version="1.0" encoding="UTF-8"?>
<!-- Generated by org.testng.reporters.JUnitReportReporter -->
<testsuite skipped="0" hostname="DESKTOP-578IDA2" name="Demo.multiplebrowserTesting" tests="2" failures="0" timestamp="07 Jan 2019 02:57:18 GMT" time="11.446" errors="0">
  <testcase name="openbrowser" time="5.808" classname="Demo.multiplebrowserTesting"/>
  <testcase name="openbrowser" time="5.638" classname="Demo.multiplebrowserTesting"/>
</testsuite> <!-- Demo.multiplebrowserTesting -->
