<?xml version="1.0" encoding="UTF-8"?>
<!-- Generated by org.testng.reporters.JUnitReportReporter -->
<testsuite skipped="0" hostname="DESKTOP-578IDA2" name="seleniumJavaFramework.Testng2" tests="3" failures="0" timestamp="09 Jan 2019 21:16:13 GMT" time="1.340" errors="0">
  <testcase name="TestCase6" time="0.478" classname="seleniumJavaFramework.Testng2"/>
  <testcase name="TestCase7" time="0.459" classname="seleniumJavaFramework.Testng2"/>
  <testcase name="TestCase5" time="0.403" classname="seleniumJavaFramework.Testng2"/>
</testsuite> <!-- seleniumJavaFramework.Testng2 -->
