<?xml version="1.0" encoding="UTF-8"?>
<!-- Generated by org.testng.reporters.JUnitReportReporter -->
<testsuite skipped="0" hostname="DESKTOP-578IDA2" name="DataDrivenFramework.dataDriven" tests="2" failures="0" timestamp="21 Dec 2018 00:39:27 GMT" time="8.432" errors="0">
  <testcase name="Testdata1" time="4.396" classname="DataDrivenFramework.dataDriven"/>
  <testcase name="Testdata1" time="4.036" classname="DataDrivenFramework.dataDriven"/>
</testsuite> <!-- DataDrivenFramework.dataDriven -->
