<?xml version="1.0" encoding="UTF-8"?>
<!-- Generated by org.testng.reporters.JUnitReportReporter -->
<testsuite skipped="0" hostname="DESKTOP-578IDA2" name="seleniumJavaFramework.ClassB" tests="1" failures="0" timestamp="17 Dec 2018 00:22:39 GMT" time="0.284" errors="0">
  <testcase name="method2" time="0.284" classname="seleniumJavaFramework.ClassB"/>
</testsuite> <!-- seleniumJavaFramework.ClassB -->
